Wildcard constraints in inputs are ignored. (rule: sam_to_bam)
Wildcard constraints in inputs are ignored. (rule: pileup)
Building DAG of jobs...
MissingInputException in line 305 of /dartfs/rc/lab/R/RossB/SalernoP/CF_ARG_dynamics/Snakefile:
Missing input files for rule rgi_combine:
%s/RGI/_021721_126.gene_mapping_data.txt
%s/RGI/_021721_127.gene_mapping_data.txt
%s/RGI/_021721_170.gene_mapping_data.txt
%s/RGI/_021721_156.gene_mapping_data.txt
%s/RGI/_021721_179.gene_mapping_data.txt
%s/RGI/_021721_45.gene_mapping_data.txt
%s/RGI/_021721_116.gene_mapping_data.txt
%s/RGI/_021721_41.gene_mapping_data.txt
%s/RGI/_021721_174.gene_mapping_data.txt
%s/RGI/_021721_61.gene_mapping_data.txt
%s/RGI/_021721_26.gene_mapping_data.txt
%s/RGI/_021721_67.gene_mapping_data.txt
%s/RGI/_021721_135.gene_mapping_data.txt
%s/RGI/_021721_74.gene_mapping_data.txt
%s/RGI/_021721_38.gene_mapping_data.txt
%s/RGI/_021721_158.gene_mapping_data.txt
%s/RGI/_021721_141.gene_mapping_data.txt
%s/RGI/_021721_119.gene_mapping_data.txt
%s/RGI/_021721_142.gene_mapping_data.txt
%s/RGI/_021721_63.gene_mapping_data.txt
%s/RGI/_021721_117.gene_mapping_data.txt
%s/RGI/_021721_146.gene_mapping_data.txt
%s/RGI/_021721_58.gene_mapping_data.txt
%s/RGI/_021721_94.gene_mapping_data.txt
%s/RGI/_021721_35.gene_mapping_data.txt
%s/RGI/_021721_31.gene_mapping_data.txt
%s/RGI/_021721_37.gene_mapping_data.txt
%s/RGI/_021721_139.gene_mapping_data.txt
%s/RGI/_021721_25.gene_mapping_data.txt
%s/RGI/_021721_165.gene_mapping_data.txt
%s/RGI/_021721_32.gene_mapping_data.txt
%s/RGI/_021721_101.gene_mapping_data.txt
%s/RGI/_021721_98.gene_mapping_data.txt
%s/RGI/_021721_113.gene_mapping_data.txt
%s/RGI/_021721_23.gene_mapping_data.txt
%s/RGI/_021721_121.gene_mapping_data.txt
%s/RGI/_021721_184.gene_mapping_data.txt
%s/RGI/_021721_62.gene_mapping_data.txt
%s/RGI/_021721_103.gene_mapping_data.txt
%s/RGI/_021721_120.gene_mapping_data.txt
%s/RGI/_021721_138.gene_mapping_data.txt
%s/RGI/_021721_177.gene_mapping_data.txt
%s/RGI/_021721_160.gene_mapping_data.txt
%s/RGI/_021721_173.gene_mapping_data.txt
%s/RGI/_021721_137.gene_mapping_data.txt
%s/RGI/_021721_65.gene_mapping_data.txt
%s/RGI/_021721_175.gene_mapping_data.txt
%s/RGI/_021721_48.gene_mapping_data.txt
%s/RGI/_021721_122.gene_mapping_data.txt
%s/RGI/_021721_145.gene_mapping_data.txt
%s/RGI/_021721_189.gene_mapping_data.txt
%s/RGI/_021721_171.gene_mapping_data.txt
%s/RGI/_021721_81.gene_mapping_data.txt
%s/RGI/_021721_53.gene_mapping_data.txt
%s/RGI/_021721_129.gene_mapping_data.txt
%s/RGI/_021721_186.gene_mapping_data.txt
%s/RGI/_021721_102.gene_mapping_data.txt
%s/RGI/_021721_06.gene_mapping_data.txt
%s/RGI/_021721_54.gene_mapping_data.txt
%s/RGI/_021721_125.gene_mapping_data.txt
%s/RGI/_021721_128.gene_mapping_data.txt
%s/RGI/_021721_05.gene_mapping_data.txt
%s/RGI/_021721_144.gene_mapping_data.txt
%s/RGI/_021721_73.gene_mapping_data.txt
%s/RGI/_021721_149.gene_mapping_data.txt
%s/RGI/_021721_93.gene_mapping_data.txt
%s/RGI/_021721_167.gene_mapping_data.txt
%s/RGI/_021721_161.gene_mapping_data.txt
%s/RGI/_021721_107.gene_mapping_data.txt
%s/RGI/_021721_84.gene_mapping_data.txt
%s/RGI/_021021_01.gene_mapping_data.txt
%s/RGI/_021721_86.gene_mapping_data.txt
%s/RGI/_021721_124.gene_mapping_data.txt
%s/RGI/_021721_91.gene_mapping_data.txt
%s/RGI/_021721_147.gene_mapping_data.txt
%s/RGI/_021721_34.gene_mapping_data.txt
%s/RGI/_021721_96.gene_mapping_data.txt
%s/RGI/_021721_187.gene_mapping_data.txt
%s/RGI/_021721_151.gene_mapping_data.txt
%s/RGI/_021721_191.gene_mapping_data.txt
%s/RGI/_021721_09.gene_mapping_data.txt
%s/RGI/_021721_44.gene_mapping_data.txt
%s/RGI/_021721_181.gene_mapping_data.txt
%s/RGI/_021721_176.gene_mapping_data.txt
%s/RGI/_021721_80.gene_mapping_data.txt
%s/RGI/_021721_112.gene_mapping_data.txt
%s/RGI/_021721_21.gene_mapping_data.txt
%s/RGI/_021721_66.gene_mapping_data.txt
%s/RGI/_021721_185.gene_mapping_data.txt
%s/RGI/_021721_154.gene_mapping_data.txt
%s/RGI/_021721_159.gene_mapping_data.txt
%s/RGI/_021721_07.gene_mapping_data.txt
%s/RGI/_021721_133.gene_mapping_data.txt
%s/RGI/_021721_46.gene_mapping_data.txt
%s/RGI/_021721_59.gene_mapping_data.txt
%s/RGI/_021721_172.gene_mapping_data.txt
%s/RGI/_021721_136.gene_mapping_data.txt
%s/RGI/_021721_55.gene_mapping_data.txt
%s/RGI/_021721_24.gene_mapping_data.txt
%s/RGI/_021721_188.gene_mapping_data.txt
%s/RGI/_021721_100.gene_mapping_data.txt
%s/RGI/_021721_40.gene_mapping_data.txt
%s/RGI/_021721_04.gene_mapping_data.txt
%s/RGI/_021721_87.gene_mapping_data.txt
%s/RGI/_021721_153.gene_mapping_data.txt
%s/RGI/_021721_49.gene_mapping_data.txt
%s/RGI/_021721_51.gene_mapping_data.txt
%s/RGI/_021721_56.gene_mapping_data.txt
%s/RGI/_021721_148.gene_mapping_data.txt
%s/RGI/_021721_110.gene_mapping_data.txt
%s/RGI/_021721_152.gene_mapping_data.txt
%s/RGI/_021721_50.gene_mapping_data.txt
%s/RGI/_021721_15.gene_mapping_data.txt
%s/RGI/_021721_28.gene_mapping_data.txt
%s/RGI/_021721_114.gene_mapping_data.txt
%s/RGI/_021721_90.gene_mapping_data.txt
%s/RGI/_021721_64.gene_mapping_data.txt
%s/RGI/_021721_70.gene_mapping_data.txt
%s/RGI/_021721_03.gene_mapping_data.txt
%s/RGI/_021721_18.gene_mapping_data.txt
%s/RGI/_021721_178.gene_mapping_data.txt
%s/RGI/_021721_83.gene_mapping_data.txt
%s/RGI/_021721_111.gene_mapping_data.txt
%s/RGI/_021721_134.gene_mapping_data.txt
%s/RGI/_021721_42.gene_mapping_data.txt
%s/RGI/_021721_60.gene_mapping_data.txt
%s/RGI/_021721_68.gene_mapping_data.txt
%s/RGI/_021721_12.gene_mapping_data.txt
%s/RGI/_021721_157.gene_mapping_data.txt
%s/RGI/_021721_33.gene_mapping_data.txt
%s/RGI/_021721_52.gene_mapping_data.txt
%s/RGI/_021021_03.gene_mapping_data.txt
%s/RGI/_021721_99.gene_mapping_data.txt
%s/RGI/_021721_14.gene_mapping_data.txt
%s/RGI/_021721_109.gene_mapping_data.txt
%s/RGI/_021721_108.gene_mapping_data.txt
%s/RGI/_021721_88.gene_mapping_data.txt
%s/RGI/_021721_36.gene_mapping_data.txt
%s/RGI/_021721_180.gene_mapping_data.txt
%s/RGI/_021721_57.gene_mapping_data.txt
%s/RGI/_021721_02.gene_mapping_data.txt
%s/RGI/_021721_19.gene_mapping_data.txt
%s/RGI/_021721_130.gene_mapping_data.txt
%s/RGI/_021721_132.gene_mapping_data.txt
%s/RGI/_021721_75.gene_mapping_data.txt
%s/RGI/_021721_166.gene_mapping_data.txt
%s/RGI/_021721_104.gene_mapping_data.txt
%s/RGI/_021721_168.gene_mapping_data.txt
%s/RGI/_021721_10.gene_mapping_data.txt
%s/RGI/_021721_105.gene_mapping_data.txt
%s/RGI/_021021_02.gene_mapping_data.txt
%s/RGI/_021721_39.gene_mapping_data.txt
%s/RGI/_021721_155.gene_mapping_data.txt
%s/RGI/_021721_72.gene_mapping_data.txt
%s/RGI/_021721_76.gene_mapping_data.txt
%s/RGI/_021721_143.gene_mapping_data.txt
%s/RGI/_021721_08.gene_mapping_data.txt
%s/RGI/_021721_85.gene_mapping_data.txt
%s/RGI/_021721_164.gene_mapping_data.txt
%s/RGI/_021721_16.gene_mapping_data.txt
%s/RGI/_021721_118.gene_mapping_data.txt
%s/RGI/_021721_95.gene_mapping_data.txt
%s/RGI/_021721_190.gene_mapping_data.txt
%s/RGI/_021721_11.gene_mapping_data.txt
%s/RGI/_021721_69.gene_mapping_data.txt
%s/RGI/_021721_20.gene_mapping_data.txt
%s/RGI/_021721_13.gene_mapping_data.txt
%s/RGI/_021721_131.gene_mapping_data.txt
%s/RGI/_021721_89.gene_mapping_data.txt
%s/RGI/_021721_01.gene_mapping_data.txt
%s/RGI/_021721_47.gene_mapping_data.txt
%s/RGI/_021721_78.gene_mapping_data.txt
%s/RGI/_021721_17.gene_mapping_data.txt
%s/RGI/_021721_92.gene_mapping_data.txt
%s/RGI/_021721_182.gene_mapping_data.txt
%s/RGI/_021721_150.gene_mapping_data.txt
%s/RGI/_021721_169.gene_mapping_data.txt
%s/RGI/_021721_183.gene_mapping_data.txt
%s/RGI/_021721_115.gene_mapping_data.txt
%s/RGI/_021721_29.gene_mapping_data.txt
%s/RGI/_021721_82.gene_mapping_data.txt
%s/RGI/_021721_22.gene_mapping_data.txt
%s/RGI/_021721_43.gene_mapping_data.txt
%s/RGI/_021721_79.gene_mapping_data.txt
%s/RGI/_021721_97.gene_mapping_data.txt
%s/RGI/_021721_106.gene_mapping_data.txt
%s/RGI/_021721_140.gene_mapping_data.txt
%s/RGI/_021721_77.gene_mapping_data.txt
%s/RGI/_021721_163.gene_mapping_data.txt
%s/RGI/_021721_71.gene_mapping_data.txt
%s/RGI/_021721_123.gene_mapping_data.txt
%s/RGI/_021721_27.gene_mapping_data.txt
%s/RGI/_021721_162.gene_mapping_data.txt
%s/RGI/_021721_30.gene_mapping_data.txt
%s/RGI/_021721_192.gene_mapping_data.txt
